Case #1: our language is impossible to understand
Case #2: there are twenty six factorial possibilities
Case #3: so it is okay if you want to just give up
Case #4: xoggk d yl wxo vkkvgo ekso uyl wonw sywy
Case #5: xkf yto akj
Case #6: yabba dabba yabba dabba yabba dabba yabba dabba yabba dabba yabba dabba yabba dabba yabba dooooooooo
Case #7: a b c d e f g h i j k l m n o p q r s t u v y w x y z now i know my abcs
Case #8: next time wont you sing with me
Case #9: right i forgot here in the states you call it a sausage in the mouth
Case #10: each of us has his own special gift and you know this was meant to be true
Case #11: and if you dont underestimate me i wont underestimate you
Case #12: swift as the wind quiet as the forest steady as the mountain
Case #13: let lips do what hands do
Case #14: this is so exciting i have to go the bathroom
Case #15: why do programmers always mix up halloween and christmas
Case #16: im commander shepard and this is my favorite problem on the google code jam
Case #17: oh hai im in ur computer eating your cheezburgers and googleresing your textz
Case #18: dr zaius dr zaius dr zaius dr zaius ooooooooooooh dr zaius
Case #19: by the pricking of my thumbs something wicked this way comes
Case #20: f of two equals f of one equals one
Case #21: for i between three and n f of i equals f of i minus one plus f of i minus two
Case #22: i have bested fruit spike and moon now i shall best you the guy
Case #23: whoooooooooooooooooooaaaaaaaaa i know c plus plus
Case #24: buff tryndamere and amumu
Case #25: you know you want to
Case #26: you pissed off the chicken lady
Case #27: now is the summer of our lack of discontent
Case #28: pneumonoultramicroscopicsilicovolcanoconiosis
Case #29: you want sell things at me boing zooom
Case #30: oh yeah alright were gonna shake it up with the party bear tonight
