1
2
3
4
5
6
7
8
9
10
11
12
13
14
15
16
17
18
19
20
22
23
24
25
26
27
28
29
30
33
34
35
36
37
38
39
40
44
45
46
47
48
49
50
55
56
57
58
59
60
66
67
68
69
70
77
78
79
80
88
89
90
99
100
101
102
103
104
105
106
107
108
109
111
112
113
114
115
116
117
118
119
120
122
123
124
125
126
127
128
129
130
132
133
134
135
136
137
138
139
140
142
143
144
145
146
147
148
149
150
152
153
154
155
156
157
158
159
160
162
163
164
165
166
167
168
169
170
172
173
174
175
176
177
178
179
180
182
183
184
185
186
187
188
189
190
192
193
194
195
196
197
198
199
200
201
202
203
204
205
206
207
208
209
222
223
224
225
226
227
228
229
230
233
234
235
236
237
238
239
240
243
244
245
246
247
248
249
250
253
254
255
256
257
258
259
260
263
264
265
266
267
268
269
270
273
274
275
276
277
278
279
280
283
284
285
286
287
288
289
290
293
294
295
296
297
298
299
300
301
302
303
304
305
306
307
308
309
333
334
335
336
337
338
339
340
344
345
346
347
348
349
350
354
355
356
357
358
359
360
364
365
366
367
368
369
370
374
375
376
377
378
379
380
384
385
386
387
388
389
390
394
395
396
397
398
399
400
401
402
403
404
405
406
407
408
409
444
445
446
447
448
449
450
455
456
457
458
459
460
465
466
467
468
469
470
475
476
477
478
479
480
485
486
487
488
489
490
495
496
497
498
499
500
501
502
503
504
505
506
507
508
509
555
556
557
558
559
560
566
567
568
569
570
576
577
578
579
580
586
587
588
589
590
596
597
598
599
600
601
602
603
604
605
606
607
608
609
666
667
668
669
670
677
678
679
680
687
688
689
690
697
698
699
700
701
702
703
704
705
706
707
708
709
777
778
779
780
788
789
790
798
799
800
801
802
803
804
805
806
807
808
809
888
889
890
899
900
901
902
903
904
905
906
907
908
909
999
1000
1001
1002
1003
1004
1005
1006
1007
1008
1009
1010
1011
1012
1013
1014
1015
1016
1017
1018
1019
1020
1021
1022
1023
1024
1025
1026
1027
1028
1029
1030
1031
1032
1033
1034
1035
1036
1037
1038
1039
1040
1041
1042
1043
1044
1045
1046
1047
1048
1049
1050
1051
1052
1053
1054
1055
1056
1057
1058
1059
1060
1061
1062
1063
1064
1065
1066
1067
1068
1069
1070
1071
1072
1073
1074
1075
1076
1077
1078
1079
1080
1081
1082
1083
1084
1085
1086
1087
1088
1089
1090
1091
1092
1093
1094
1095
1096
1097
1098
1099
1111
1112
1113
1114
1115
1116
1117
1118
1119
1120
1122
1123
1124
1125
1126
1127
1128
1129
1130
1132
1133
1134
1135
1136
1137
1138
1139
1140
1142
1143
1144
1145
1146
1147
1148
1149
1150
1152
1153
1154
1155
1156
1157
1158
1159
1160
1162
1163
1164
1165
1166
1167
1168
1169
1170
1172
1173
1174
1175
1176
1177
1178
1179
1180
1182
1183
1184
1185
1186
1187
1188
1189
1190
1192
1193
1194
1195
1196
1197
1198
1199
1200
1201
1202
1203
1204
1205
1206
1207
1208
1209
1212
1213
1214
1215
1216
1217
1218
1219
1220
1222
1223
1224
1225
1226
1227
1228
1229
1230
1232
1233
1234
1235
1236
1237
1238
1239
1240
1242
1243
1244
1245
1246
1247
1248
1249
1250
1252
1253
1254
1255
1256
1257
1258
1259
1260
1262
1263
1264
1265
1266
1267
1268
1269
1270
1272
1273
1274
1275
1276
1277
1278
1279
1280
1282
1283
1284
1285
1286
1287
1288
1289
1290
1292
1293
1294
1295
1296
1297
1298
1299
1300
1301
1302
1303
1304
1305
1306
1307
1308
1309
1313
1314
1315
1316
1317
1318
1319
1320
1322
1323
1324
1325
1326
1327
1328
1329
1330
1332
1333
1334
1335
1336
1337
1338
1339
1340
1342
1343
1344
1345
1346
1347
1348
1349
1350
1352
1353
1354
1355
1356
1357
1358
1359
1360
1362
1363
1364
1365
1366
1367
1368
1369
1370
1372
1373
1374
1375
1376
1377
1378
1379
1380
1382
1383
1384
1385
1386
1387
1388
1389
1390
1392
1393
1394
1395
1396
1397
1398
1399
1400
1401
1402
1403
1404
1405
1406
1407
1408
1409
1414
1415
1416
1417
1418
1419
1420
1422
1423
1424
1425
1426
1427
1428
1429
1430
1432
1433
1434
1435
1436
1437
1438
1439
1440
1442
1443
1444
1445
1446
1447
1448
1449
1450
1452
1453
1454
1455
1456
1457
1458
1459
1460
1462
1463
1464
1465
1466
1467
1468
1469
1470
1472
1473
1474
1475
1476
1477
1478
1479
1480
1482
1483
1484
1485
1486
1487
1488
1489
1490
1492
1493
1494
1495
1496
1497
1498
1499
1500
1501
1502
1503
1504
1505
1506
1507
1508
1509
1515
1516
1517
1518
1519
1520
1522
1523
1524
1525
1526
1527
1528
1529
1530
1532
1533
1534
1535
1536
1537
1538
1539
1540
1542
1543
1544
1545
1546
1547
1548
1549
1550
1552
1553
1554
1555
1556
1557
1558
1559
1560
1562
1563
1564
1565
1566
1567
1568
1569
1570
1572
1573
1574
1575
1576
1577
1578
1579
1580
1582
1583
1584
1585
1586
1587
1588
1589
1590
1592
1593
1594
1595
1596
1597
1598
1599
1600
1601
1602
1603
1604
1605
1606
1607
1608
1609
1616
1617
1618
1619
1620
1622
1623
1624
1625
1626
1627
1628
1629
1630
1632
1633
1634
1635
1636
1637
1638
1639
1640
1642
1643
1644
1645
1646
1647
1648
1649
1650
1652
1653
1654
1655
1656
1657
1658
1659
1660
1662
1663
1664
1665
1666
1667
1668
1669
1670
1672
1673
1674
1675
1676
1677
1678
1679
1680
1682
1683
1684
1685
1686
1687
1688
1689
1690
1692
1693
1694
1695
1696
1697
1698
1699
1700
1701
1702
1703
1704
1705
1706
1707
1708
1709
1717
1718
1719
1720
1722
1723
1724
1725
1726
1727
1728
1729
1730
1732
1733
1734
1735
1736
1737
1738
1739
1740
1742
1743
1744
1745
1746
1747
1748
1749
1750
1752
1753
1754
1755
1756
1757
1758
1759
1760
1762
1763
1764
1765
1766
1767
1768
1769
1770
1772
1773
1774
1775
1776
1777
1778
1779
1780
1782
1783
1784
1785
1786
1787
1788
1789
1790
1792
1793
1794
1795
1796
1797
1798
1799
1800
1801
1802
1803
1804
1805
1806
1807
1808
1809
1818
1819
1820
1822
1823
1824
1825
1826
1827
1828
1829
1830
1832
1833
1834
1835
1836
1837
1838
1839
1840
1842
1843
1844
1845
1846
1847
1848
1849
1850
1852
1853
1854
1855
1856
1857
1858
1859
1860
1862
1863
1864
1865
1866
1867
1868
1869
1870
1872
1873
1874
1875
1876
1877
1878
1879
1880
1882
1883
1884
1885
1886
1887
1888
1889
1890
1892
1893
1894
1895
1896
1897
1898
1899
1900
1901
1902
1903
1904
1905
1906
1907
1908
1909
1919
1920
1922
1923
1924
1925
1926
1927
1928
1929
1930
1932
1933
1934
1935
1936
1937
1938
1939
1940
1942
1943
1944
1945
1946
1947
1948
1949
1950
1952
1953
1954
1955
1956
1957
1958
1959
1960
1962
1963
1964
1965
1966
1967
1968
1969
1970
1972
1973
1974
1975
1976
1977
1978
1979
1980
1982
1983
1984
1985
1986
1987
1988
1989
1990
1992
1993
1994
1995
1996
1997
1998
1999
2000
2001
2002
2003
2004
2005
2006
2007
2008
2009
2010
2011
2012
2013
2014
2015
2016
2017
2018
2019
2020
2021
2022
2023
2024
2025
2026
2027
2028
2029
2030
2031
2032
2033
2034
2035
2036
2037
2038
2039
2040
2041
2042
2043
2044
2045
2046
2047
2048
2049
2050
2051
2052
2053
2054
2055
2056
2057
2058
2059
2060
2061
2062
2063
2064
2065
2066
2067
2068
2069
2070
2071
2072
2073
2074
2075
2076
2077
2078
2079
2080
2081
2082
2083
2084
2085
2086
2087
2088
2089
2090
2091
2092
2093
2094
2095
2096
2097
2098
2099
2222
2223
2224
2225
2226
2227
2228
2229
2230
2233
2234
2235
2236
2237
2238
2239
2240
2243
2244
2245
2246
2247
2248
2249
2250
2253
2254
2255
2256
2257
2258
2259
2260
2263
2264
2265
2266
2267
2268
2269
2270
2273
2274
2275
2276
2277
2278
2279
2280
2283
2284
2285
2286
2287
2288
2289
2290
2293
2294
2295
2296
2297
2298
2299
2300
2301
2302
2303
2304
2305
2306
2307
2308
2309
2323
2324
2325
2326
2327
2328
2329
2330
2333
2334
2335
2336
2337
2338
2339
2340
2343
2344
2345
2346
2347
2348
2349
2350
2353
2354
2355
2356
2357
2358
2359
2360
2363
2364
2365
2366
2367
2368
2369
2370
2373
2374
2375
2376
2377
2378
2379
2380
2383
2384
2385
2386
2387
2388
2389
2390
2393
2394
2395
2396
2397
2398
2399
2400
2401
2402
2403
2404
2405
2406
2407
2408
2409
2424
2425
2426
2427
2428
2429
2430
2433
2434
2435
2436
2437
2438
2439
2440
2443
2444
2445
2446
2447
2448
2449
2450
2453
2454
2455
2456
2457
2458
2459
2460
2463
2464
2465
2466
2467
2468
2469
2470
2473
2474
2475
2476
2477
2478
2479
2480
2483
2484
2485
2486
2487
2488
2489
2490
2493
2494
2495
2496
2497
2498
2499
2500
2501
2502
2503
2504
2505
2506
2507
2508
2509
2525
2526
2527
2528
2529
2530
2533
2534
2535
2536
2537
2538
2539
2540
2543
2544
2545
2546
2547
2548
2549
2550
2553
2554
2555
2556
2557
2558
2559
2560
2563
2564
2565
2566
2567
2568
2569
2570
2573
2574
2575
2576
2577
2578
2579
2580
2583
2584
2585
2586
2587
2588
2589
2590
2593
2594
2595
2596
2597
2598
2599
2600
2601
2602
2603
2604
2605
2606
2607
2608
2609
2626
2627
2628
2629
2630
2633
2634
2635
2636
2637
2638
2639
2640
2643
2644
2645
2646
2647
2648
2649
2650
2653
2654
2655
2656
2657
2658
2659
2660
2663
2664
2665
2666
2667
2668
2669
2670
2673
2674
2675
2676
2677
2678
2679
2680
2683
2684
2685
2686
2687
2688
2689
2690
2693
2694
2695
2696
2697
2698
2699
2700
2701
2702
2703
2704
2705
2706
2707
2708
2709
2727
2728
2729
2730
2733
2734
2735
2736
2737
2738
2739
2740
2743
2744
2745
2746
2747
2748
2749
2750
2753
2754
2755
2756
2757
2758
2759
2760
2763
2764
2765
2766
2767
2768
2769
2770
2773
2774
2775
2776
2777
2778
2779
2780
2783
2784
2785
2786
2787
2788
2789
2790
2793
2794
2795
2796
2797
2798
2799
2800
2801
2802
2803
2804
2805
2806
2807
2808
2809
2828
2829
2830
2833
2834
2835
2836
2837
2838
2839
2840
2843
2844
2845
2846
2847
2848
2849
2850
2853
2854
2855
2856
2857
2858
2859
2860
2863
2864
2865
2866
2867
2868
2869
2870
2873
2874
2875
2876
2877
2878
2879
2880
2883
2884
2885
2886
2887
2888
2889
2890
2893
2894
2895
2896
2897
2898
2899
2900
2901
2902
2903
2904
2905
2906
2907
2908
2909
2929
2930
2933
2934
2935
2936
2937
2938
2939
2940
2943
2944
2945
2946
2947
2948
2949
2950
2953
2954
2955
2956
2957
2958
2959
2960
2963
2964
2965
2966
2967
2968
2969
2970
2973
2974
2975
2976
2977
2978
2979
2980
2983
2984
2985
2986
2987
2988
2989
2990
2993
2994
2995
2996
2997
2998
2999
3000
3001
3002
3003
3004
3005
3006
3007
3008
3009
3010
3011
3012
3013
3014
3015
3016
3017
3018
3019
3020
3021
3022
3023
3024
3025
3026
3027
3028
3029
3030
3031
3032
3033
3034
3035
3036
3037
3038
3039
3040
3041
3042
3043
3044
3045
3046
3047
3048
3049
3050
3051
3052
3053
3054
3055
3056
3057
3058
3059
3060
3061
3062
3063
3064
3065
3066
3067
3068
3069
3070
3071
3072
3073
3074
3075
3076
3077
3078
3079
3080
3081
3082
3083
3084
3085
3086
3087
3088
3089
3090
3091
3092
3093
3094
3095
3096
3097
3098
3099
3333
3334
3335
3336
3337
3338
3339
3340
3344
3345
3346
3347
3348
3349
3350
3354
3355
3356
3357
3358
3359
3360
3364
3365
3366
3367
3368
3369
3370
3374
3375
3376
3377
3378
3379
3380
3384
3385
3386
3387
3388
3389
3390
3394
3395
3396
3397
3398
3399
3400
3401
3402
3403
3404
3405
3406
3407
3408
3409
3434
3435
3436
3437
3438
3439
3440
3444
3445
3446
3447
3448
3449
3450
3454
3455
3456
3457
3458
3459
3460
3464
3465
3466
3467
3468
3469
3470
3474
3475
3476
3477
3478
3479
3480
3484
3485
3486
3487
3488
3489
3490
3494
3495
3496
3497
3498
3499
3500
3501
3502
3503
3504
3505
3506
3507
3508
3509
3535
3536
3537
3538
3539
3540
3544
3545
3546
3547
3548
3549
3550
3554
3555
3556
3557
3558
3559
3560
3564
3565
3566
3567
3568
3569
3570
3574
3575
3576
3577
3578
3579
3580
3584
3585
3586
3587
3588
3589
3590
3594
3595
3596
3597
3598
3599
3600
3601
3602
3603
3604
3605
3606
3607
3608
3609
3636
3637
3638
3639
3640
3644
3645
3646
3647
3648
3649
3650
3654
3655
3656
3657
3658
3659
3660
3664
3665
3666
3667
3668
3669
3670
3674
3675
3676
3677
3678
3679
3680
3684
3685
3686
3687
3688
3689
3690
3694
3695
3696
3697
3698
3699
3700
3701
3702
3703
3704
3705
3706
3707
3708
3709
3737
3738
3739
3740
3744
3745
3746
3747
3748
3749
3750
3754
3755
3756
3757
3758
3759
3760
3764
3765
3766
3767
3768
3769
3770
3774
3775
3776
3777
3778
3779
3780
3784
3785
3786
3787
3788
3789
3790
3794
3795
3796
3797
3798
3799
3800
3801
3802
3803
3804
3805
3806
3807
3808
3809
3838
3839
3840
3844
3845
3846
3847
3848
3849
3850
3854
3855
3856
3857
3858
3859
3860
3864
3865
3866
3867
3868
3869
3870
3874
3875
3876
3877
3878
3879
3880
3884
3885
3886
3887
3888
3889
3890
3894
3895
3896
3897
3898
3899
3900
3901
3902
3903
3904
3905
3906
3907
3908
3909
3939
3940
3944
3945
3946
3947
3948
3949
3950
3954
3955
3956
3957
3958
3959
3960
3964
3965
3966
3967
3968
3969
3970
3974
3975
3976
3977
3978
3979
3980
3984
3985
3986
3987
3988
3989
3990
3994
3995
3996
3997
3998
3999
4000
4001
4002
4003
4004
4005
4006
4007
4008
4009
4010
4011
4012
4013
4014
4015
4016
4017
4018
4019
4020
4021
4022
4023
4024
4025
4026
4027
4028
4029
4030
4031
4032
4033
4034
4035
4036
4037
4038
4039
4040
4041
4042
4043
4044
4045
4046
4047
4048
4049
4050
4051
4052
4053
4054
4055
4056
4057
4058
4059
4060
4061
4062
4063
4064
4065
4066
4067
4068
4069
4070
4071
4072
4073
4074
4075
4076
4077
4078
4079
4080
4081
4082
4083
4084
4085
4086
4087
4088
4089
4090
4091
4092
4093
4094
4095
4096
4097
4098
4099
4444
4445
4446
4447
4448
4449
4450
4455
4456
4457
4458
4459
4460
4465
4466
4467
4468
4469
4470
4475
4476
4477
4478
4479
4480
4485
4486
4487
4488
4489
4490
4495
4496
4497
4498
4499
4500
4501
4502
4503
4504
4505
4506
4507
4508
4509
4545
4546
4547
4548
4549
4550
4555
4556
4557
4558
4559
4560
4565
4566
4567
4568
4569
4570
4575
4576
4577
4578
4579
4580
4585
4586
4587
4588
4589
4590
4595
4596
4597
4598
4599
4600
4601
4602
4603
4604
4605
4606
4607
4608
4609
4646
4647
4648
4649
4650
4655
4656
4657
4658
4659
4660
4665
4666
4667
4668
4669
4670
4675
4676
4677
4678
4679
4680
4685
4686
4687
4688
4689
4690
4695
4696
4697
4698
4699
4700
4701
4702
4703
4704
4705
4706
4707
4708
4709
4747
4748
4749
4750
4755
4756
4757
4758
4759
4760
4765
4766
4767
4768
4769
4770
4775
4776
4777
4778
4779
4780
4785
4786
4787
4788
4789
4790
4795
4796
4797
4798
4799
4800
4801
4802
4803
4804
4805
4806
4807
4808
4809
4848
4849
4850
4855
4856
4857
4858
4859
4860
4865
4866
4867
4868
4869
4870
4875
4876
4877
4878
4879
4880
4885
4886
4887
4888
4889
4890
4895
4896
4897
4898
4899
4900
4901
4902
4903
4904
4905
4906
4907
4908
4909
4949
4950
4955
4956
4957
4958
4959
4960
4965
4966
4967
4968
4969
4970
4975
4976
4977
4978
4979
4980
4985
4986
4987
4988
4989
4990
4995
4996
4997
4998
4999
5000
5001
5002
5003
5004
5005
5006
5007
5008
5009
5010
5011
5012
5013
5014
5015
5016
5017
5018
5019
5020
5021
5022
5023
5024
5025
5026
5027
5028
5029
5030
5031
5032
5033
5034
5035
5036
5037
5038
5039
5040
5041
5042
5043
5044
5045
5046
5047
5048
5049
5050
5051
5052
5053
5054
5055
5056
5057
5058
5059
5060
5061
5062
5063
5064
5065
5066
5067
5068
5069
5070
5071
5072
5073
5074
5075
5076
5077
5078
5079
5080
5081
5082
5083
5084
5085
5086
5087
5088
5089
5090
5091
5092
5093
5094
5095
5096
5097
5098
5099
5555
5556
5557
5558
5559
5560
5566
5567
5568
5569
5570
5576
5577
5578
5579
5580
5586
5587
5588
5589
5590
5596
5597
5598
5599
5600
5601
5602
5603
5604
5605
5606
5607
5608
5609
5656
5657
5658
5659
5660
5666
5667
5668
5669
5670
5676
5677
5678
5679
5680
5686
5687
5688
5689
5690
5696
5697
5698
5699
5700
5701
5702
5703
5704
5705
5706
5707
5708
5709
5757
5758
5759
5760
5766
5767
5768
5769
5770
5776
5777
5778
5779
5780
5786
5787
5788
5789
5790
5796
5797
5798
5799
5800
5801
5802
5803
5804
5805
5806
5807
5808
5809
5858
5859
5860
5866
5867
5868
5869
5870
5876
5877
5878
5879
5880
5886
5887
5888
5889
5890
5896
5897
5898
5899
5900
5901
5902
5903
5904
5905
5906
5907
5908
5909
5959
5960
5966
5967
5968
5969
5970
5976
5977
5978
5979
5980
5986
5987
5988
5989
5990
5996
5997
5998
5999
6000
6001
6002
6003
6004
6005
6006
6007
6008
6009
6010
6011
6012
6013
6014
6015
6016
6017
6018
6019
6020
6021
6022
6023
6024
6025
6026
6027
6028
6029
6030
6031
6032
6033
6034
6035
6036
6037
6038
6039
6040
6041
6042
6043
6044
6045
6046
6047
6048
6049
6050
6051
6052
6053
6054
6055
6056
6057
6058
6059
6060
6061
6062
6063
6064
6065
6066
6067
6068
6069
6070
6071
6072
6073
6074
6075
6076
6077
6078
6079
6080
6081
6082
6083
6084
6085
6086
6087
6088
6089
6090
6091
6092
6093
6094
6095
6096
6097
6098
6099
6666
6667
6668
6669
6670
6677
6678
6679
6680
6687
6688
6689
6690
6697
6698
6699
6700
6701
6702
6703
6704
6705
6706
6707
6708
6709
6767
6768
6769
6770
6777
6778
6779
6780
6787
6788
6789
6790
6797
6798
6799
6800
6801
6802
6803
6804
6805
6806
6807
6808
6809
6868
6869
6870
6877
6878
6879
6880
6887
6888
6889
6890
6897
6898
6899
6900
6901
6902
6903
6904
6905
6906
6907
6908
6909
6969
6970
6977
6978
6979
6980
6987
6988
6989
6990
6997
6998
6999
7000
7001
7002
7003
7004
7005
7006
7007
7008
7009
7010
7011
7012
7013
7014
7015
7016
7017
7018
7019
7020
7021
7022
7023
7024
7025
7026
7027
7028
7029
7030
7031
7032
7033
7034
7035
7036
7037
7038
7039
7040
7041
7042
7043
7044
7045
7046
7047
7048
7049
7050
7051
7052
7053
7054
7055
7056
7057
7058
7059
7060
7061
7062
7063
7064
7065
7066
7067
7068
7069
7070
7071
7072
7073
7074
7075
7076
7077
7078
7079
7080
7081
7082
7083
7084
7085
7086
7087
7088
7089
7090
7091
7092
7093
7094
7095
7096
7097
7098
7099
7777
7778
7779
7780
7788
7789
7790
7798
7799
7800
7801
7802
7803
7804
7805
7806
7807
7808
7809
7878
7879
7880
7888
7889
7890
7898
7899
7900
7901
7902
7903
7904
7905
7906
7907
7908
7909
7979
7980
7988
7989
7990
7998
7999
8000
8001
8002
8003
8004
8005
8006
8007
8008
8009
8010
8011
8012
8013
8014
8015
8016
8017
8018
8019
8020
8021
8022
8023
8024
8025
8026
8027
8028
8029
8030
8031
8032
8033
8034
8035
8036
8037
8038
8039
8040
8041
8042
8043
8044
8045
8046
8047
8048
8049
8050
8051
8052
8053
8054
8055
8056
8057
8058
8059
8060
8061
8062
8063
8064
8065
8066
8067
8068
8069
8070
8071
8072
8073
8074
8075
8076
8077
8078
8079
8080
8081
8082
8083
8084
8085
8086
8087
8088
8089
8090
8091
8092
8093
8094
8095
8096
8097
8098
8099
8888
8889
8890
8899
8900
8901
8902
8903
8904
8905
8906
8907
8908
8909
8989
8990
8999
9000
9001
9002
9003
9004
9005
9006
9007
9008
9009
9010
9011
9012
9013
9014
9015
9016
9017
9018
9019
9020
9021
9022
9023
9024
9025
9026
9027
9028
9029
9030
9031
9032
9033
9034
9035
9036
9037
9038
9039
9040
9041
9042
9043
9044
9045
9046
9047
9048
9049
9050
9051
9052
9053
9054
9055
9056
9057
9058
9059
9060
9061
9062
9063
9064
9065
9066
9067
9068
9069
9070
9071
9072
9073
9074
9075
9076
9077
9078
9079
9080
9081
9082
9083
9084
9085
9086
9087
9088
9089
9090
9091
9092
9093
9094
9095
9096
9097
9098
9099
9999
10000
10001
10002
10003
10004
10005
10006
10007
10008
10009
10010
10011
10012
10013
10014
10015
10016
10017
10018
10019
10020
10021
10022
10023
10024
10025
10026
10027
10028
10029
10030
10031
10032
10033
10034
10035
10036
10037
10038
10039
10040
10041
10042
10043
10044
10045
10046
10047
10048
10049
10050
10051
10052
10053
10054
10055
10056
10057
10058
10059
10060
10061
10062
10063
10064
10065
10066
10067
10068
10069
10070
10071
10072
10073
10074
10075
10076
10077
10078
10079
10080
10081
10082
10083
10084
10085
10086
10087
10088
10089
10090
10091
10092
10093
10094
10095
10096
10097
10098
10099
10100
10101
10102
10103
10104
10105
10106
10107
10108
10109
10110
10111
10112
10113
10114
10115
10116
10117
10118
10119
10120
10121
10122
10123
10124
10125
10126
10127
10128
10129
10130
10131
10132
10133
10134
10135
10136
10137
10138
10139
10140
10141
10142
10143
10144
10145
10146
10147
10148
10149
10150
10151
10152
10153
10154
10155
10156
10157
10158
10159
10160
10161
10162
10163
10164
10165
10166
10167
10168
10169
10170
10171
10172
10173
10174
10175
10176
10177
10178
10179
10180
10181
10182
10183
10184
10185
10186
10187
10188
10189
10190
10191
10192
10193
10194
10195
10196
10197
10198
10199
10200
10201
10202
10203
10204
10205
10206
10207
10208
10209
10210
10211
10212
10213
10214
10215
10216
10217
10218
10219
10220
10221
10222
10223
10224
10225
10226
10227
10228
10229
10230
10231
10232
10233
10234
10235
10236
10237
10238
10239
10240
10241
10242
10243
10244
10245
10246
10247
10248
10249
10250
10251
10252
10253
10254
10255
10256
10257
10258
10259
10260
10261
10262
10263
10264
10265
10266
10267
10268
10269
10270
10271
10272
10273
10274
10275
10276
10277
10278
10279
10280
10281
10282
10283
10284
10285
10286
10287
10288
10289
10290
10291
10292
10293
10294
10295
10296
10297
10298
10299
10300
10301
10302
10303
10304
10305
10306
10307
10308
10309
10310
10311
10312
10313
10314
10315
10316
10317
10318
10319
10320
10321
10322
10323
10324
10325
10326
10327
10328
10329
10330
10331
10332
10333
10334
10335
10336
10337
10338
10339
10340
10341
10342
10343
10344
10345
10346
10347
10348
10349
10350
10351
10352
10353
10354
10355
10356
10357
10358
10359
10360
10361
10362
10363
10364
10365
10366
10367
10368
10369
10370
10371
10372
10373
10374
10375
10376
10377
10378
10379
10380
10381
10382
10383
10384
10385
10386
10387
10388
10389
10390
10391
10392
10393
10394
10395
10396
10397
10398
10399
10400
10401
10402
10403
10404
10405
10406
10407
10408
10409
10410
10411
10412
10413
10414
10415
10416
10417
10418
10419
10420
10421
10422
10423
10424
10425
10426
10427
10428
10429
10430
10431
10432
10433
10434
10435
10436
10437
10438
10439
10440
10441
10442
10443
10444
10445
10446
10447
10448
10449
10450
10451
10452
10453
10454
10455
10456
10457
10458
10459
10460
10461
10462
10463
10464
10465
10466
10467
10468
10469
10470
10471
10472
10473
10474
10475
10476
10477
10478
10479
10480
10481
10482
10483
10484
10485
10486
10487
10488
10489
10490
10491
10492
10493
10494
10495
10496
10497
10498
10499
10500
10501
10502
10503
10504
10505
10506
10507
10508
10509
10510
10511
10512
10513
10514
10515
10516
10517
10518
10519
10520
10521
10522
10523
10524
10525
10526
10527
10528
10529
10530
10531
10532
10533
10534
10535
10536
10537
10538
10539
10540
10541
10542
10543
10544
10545
10546
10547
10548
10549
10550
10551
10552
10553
10554
10555
10556
10557
10558
10559
10560
10561
10562
10563
10564
10565
10566
10567
10568
10569
10570
10571
10572
10573
10574
10575
10576
10577
10578
10579
10580
10581
10582
10583
10584
10585
10586
10587
10588
10589
10590
10591
10592
10593
10594
10595
10596
10597
10598
10599
10600
10601
10602
10603
10604
10605
10606
10607
10608
10609
10610
10611
10612
10613
10614
10615
10616
10617
10618
10619
10620
10621
10622
10623
10624
10625
10626
10627
10628
10629
10630
10631
10632
10633
10634
10635
10636
10637
10638
10639
10640
10641
10642
10643
10644
10645
10646
10647
10648
10649
10650
10651
10652
10653
10654
10655
10656
10657
10658
10659
10660
10661
10662
10663
10664
10665
10666
10667
10668
10669
10670
10671
10672
10673
10674
10675
10676
10677
10678
10679
10680
10681
10682
10683
10684
10685
10686
10687
10688
10689
10690
10691
10692
10693
10694
10695
10696
10697
10698
10699
10700
10701
10702
10703
10704
10705
10706
10707
10708
10709
10710
10711
10712
10713
10714
10715
10716
10717
10718
10719
10720
10721
10722
10723
10724
10725
10726
10727
10728
10729
10730
10731
10732
10733
10734
10735
10736
10737
10738
10739
10740
10741
10742
10743
10744
10745
10746
10747
10748
10749
10750
10751
10752
10753
10754
10755
10756
10757
10758
10759
10760
10761
10762
10763
10764
10765
10766
10767
10768
10769
10770
10771
10772
10773
10774
10775
10776
10777
10778
10779
10780
10781
10782
10783
10784
10785
10786
10787
10788
10789
10790
10791
10792
10793
10794
10795
10796
10797
10798
10799
10800
10801
10802
10803
10804
10805
10806
10807
10808
10809
10810
10811
10812
10813
10814
10815
10816
10817
10818
10819
10820
10821
10822
10823
10824
10825
10826
10827
10828
10829
10830
10831
10832
10833
10834
10835
10836
10837
10838
10839
10840
10841
10842
10843
10844
10845
10846
10847
10848
10849
10850
10851
10852
10853
10854
10855
10856
10857
10858
10859
10860
10861
10862
10863
10864
10865
10866
10867
10868
10869
10870
10871
10872
10873
10874
10875
10876
10877
10878
10879
10880
10881
10882
10883
10884
10885
10886
10887
10888
10889
10890
10891
10892
10893
10894
10895
10896
10897
10898
10899
10900
10901
10902
10903
10904
10905
10906
10907
10908
10909
10910
10911
10912
10913
10914
10915
10916
10917
10918
10919
10920
10921
10922
10923
10924
10925
10926
10927
10928
10929
10930
10931
10932
10933
10934
10935
10936
10937
10938
10939
10940
10941
10942
10943
10944
10945
10946
10947
10948
10949
10950
10951
10952
10953
10954
10955
10956
10957
10958
10959
10960
10961
10962
10963
10964
10965
10966
10967
10968
10969
10970
10971
10972
10973
10974
10975
10976
10977
10978
10979
10980
10981
10982
10983
10984
10985
10986
10987
10988
10989
10990
10991
10992
10993
10994
10995
10996
10997
10998
10999
11111
11112
11113
11114
11115
11116
11117
11118
11119
11120
11122
11123
11124
11125
11126
11127
11128
11129
11130
11132
11133
11134
11135
11136
11137
11138
11139
11140
11142
11143
11144
11145
11146
11147
11148
11149
11150
11152
11153
11154
11155
11156
11157
11158
11159
11160
11162
11163
11164
11165
11166
11167
11168
11169
11170
11172
11173
11174
11175
11176
11177
11178
11179
11180
11182
11183
11184
11185
11186
11187
11188
11189
11190
11192
11193
11194
11195
11196
11197
11198
11199
11200
11201
11202
11203
11204
11205
11206
11207
11208
11209
11212
11213
11214
11215
11216
11217
11218
11219
11220
11222
11223
11224
11225
11226
11227
11228
11229
11230
11232
11233
11234
11235
11236
11237
11238
11239
11240
11242
11243
11244
11245
11246
11247
11248
11249
11250
11252
11253
11254
11255
11256
11257
11258
11259
11260
11262
11263
11264
11265
11266
11267
11268
11269
11270
11272
11273
11274
11275
11276
11277
11278
11279
11280
11282
11283
11284
11285
11286
11287
11288
11289
11290
11292
11293
11294
11295
11296
11297
11298
11299
11300
11301
11302
11303
11304
11305
11306
11307
11308
11309
11312
11313
11314
11315
11316
11317
11318
11319
11320
11322
11323
11324
11325
11326
11327
11328
11329
11330
11332
11333
11334
11335
11336
11337
11338
11339
11340
11342
11343
11344
11345
11346
11347
11348
11349
11350
11352
11353
11354
11355
11356
11357
11358
11359
11360
11362
11363
11364
11365
11366
11367
11368
11369
11370
11372
11373
11374
11375
11376
11377
11378
11379
11380
11382
11383
11384
11385
11386
11387
11388
11389
11390
11392
11393
11394
11395
11396
11397
11398
11399
11400
11401
11402
11403
11404
11405
11406
11407
11408
11409
11412
11413
11414
11415
11416
11417
11418
11419
11420
11422
11423
11424
11425
11426
11427
11428
11429
11430
11432
11433
11434
11435
11436
11437
11438
11439
11440
11442
11443
11444
11445
11446
11447
11448
11449
11450
11452
11453
11454
11455
11456
11457
11458
11459
11460
11462
11463
11464
11465
11466
11467
11468
11469
11470
11472
11473
11474
11475
11476
11477
11478
11479
11480
11482
11483
11484
11485
11486
11487
11488
11489
11490
11492
11493
11494
11495
11496
11497
11498
11499
11500
11501
11502
11503
11504
11505
11506
11507
11508
11509
11512
11513
11514
11515
11516
11517
11518
11519
11520
11522
11523
11524
11525
11526
11527
11528
11529
11530
11532
11533
11534
11535
11536
11537
11538
11539
11540
11542
11543
11544
11545
11546
11547
11548
11549
11550
11552
11553
11554
11555
11556
11557
11558
11559
11560
11562
11563
11564
11565
11566
11567
11568
11569
11570
11572
11573
11574
11575
11576
11577
11578
11579
11580
11582
11583
11584
11585
11586
11587
11588
11589
11590
11592
11593
11594
11595
11596
11597
11598
11599
11600
11601
11602
11603
11604
11605
11606
11607
11608
11609
11612
11613
11614
11615
11616
11617
11618
11619
11620
11622
11623
11624
11625
11626
11627
11628
11629
11630
11632
11633
11634
11635
11636
11637
11638
11639
11640
11642
11643
11644
11645
11646
11647
11648
11649
11650
11652
11653
11654
11655
11656
11657
11658
11659
11660
11662
11663
11664
11665
11666
11667
11668
11669
11670
11672
11673
11674
11675
11676
11677
11678
11679
11680
11682
11683
11684
11685
11686
11687
11688
11689
11690
11692
11693
11694
11695
11696
11697
11698
11699
11700
11701
11702
11703
11704
11705
11706
11707
11708
11709
11712
11713
11714
11715
11716
11717
11718
11719
11720
11722
11723
11724
11725
11726
11727
11728
11729
11730
11732
11733
11734
11735
11736
11737
11738
11739
11740
11742
11743
11744
11745
11746
11747
11748
11749
11750
11752
11753
11754
11755
11756
11757
11758
11759
11760
11762
11763
11764
11765
11766
11767
11768
11769
11770
11772
11773
11774
11775
11776
11777
11778
11779
11780
11782
11783
11784
11785
11786
11787
11788
11789
11790
11792
11793
11794
11795
11796
11797
11798
11799
11800
11801
11802
11803
11804
11805
11806
11807
11808
11809
11812
11813
11814
11815
11816
11817
11818
11819
11820
11822
11823
11824
11825
11826
11827
11828
11829
11830
11832
11833
11834
11835
11836
11837
11838
11839
11840
11842
11843
11844
11845
11846
11847
11848
11849
11850
11852
11853
11854
11855
11856
11857
11858
11859
11860
11862
11863
11864
11865
11866
11867
11868
11869
11870
11872
11873
11874
11875
11876
11877
11878
11879
11880
11882
11883
11884
11885
11886
11887
11888
11889
11890
11892
11893
11894
11895
11896
11897
11898
11899
11900
11901
11902
11903
11904
11905
11906
11907
11908
11909
11912
11913
11914
11915
11916
11917
11918
11919
11920
11922
11923
11924
11925
11926
11927
11928
11929
11930
11932
11933
11934
11935
11936
11937
11938
11939
11940
11942
11943
11944
11945
11946
11947
11948
11949
11950
11952
11953
11954
11955
11956
11957
11958
11959
11960
11962
11963
11964
11965
11966
11967
11968
11969
11970
11972
11973
11974
11975
11976
11977
11978
11979
11980
11982
11983
11984
11985
11986
11987
11988
11989
11990
11992
11993
11994
11995
11996
11997
11998
11999
12000
12001
12002
12003
12004
12005
12006
12007
12008
12009
12010
12011
12012
12013
12014
12015
12016
12017
12018
12019
12020
12021
12022
12023
12024
12025
12026
12027
12028
12029
12030
12031
12032
12033
12034
12035
12036
12037
12038
12039
12040
12041
12042
12043
12044
12045
12046
12047
12048
12049
12050
12051
12052
12053
12054
12055
12056
12057
12058
12059
12060
12061
12062
12063
12064
12065
12066
12067
12068
12069
12070
12071
12072
12073
12074
12075
12076
12077
12078
12079
12080
12081
12082
12083
12084
12085
12086
12087
12088
12089
12090
12091
12092
12093
12094
12095
12096
12097
12098
12099
12122
12123
12124
12125
12126
12127
12128
12129
12130
12132
12133
12134
12135
12136
12137
12138
12139
12140
12142
12143
12144
12145
12146
12147
12148
12149
12150
12152
12153
12154
12155
12156
12157
12158
12159
12160
12162
12163
12164
12165
12166
12167
12168
12169
12170
12172
12173
12174
12175
12176
12177
12178
12179
12180
12182
12183
12184
12185
12186
12187
12188
12189
12190
12192
12193
12194
12195
12196
12197
12198
12199
12200
12201
12202
12203
12204
12205
12206
12207
12208
12209
12213
12214
12215
12216
12217
12218
12219
12220
12222
12223
12224
12225
12226
12227
12228
12229
12230
12232
12233
12234
12235
12236
12237
12238
12239
12240
12242
12243
12244
12245
12246
12247
12248
12249
12250
12252
12253
12254
12255
12256
12257
12258
12259
12260
12262
12263
12264
12265
12266
12267
12268
12269
12270
12272
12273
12274
12275
12276
12277
12278
12279
12280
12282
12283
12284
12285
12286
12287
12288
12289
12290
12292
12293
12294
12295
12296
12297
12298
12299
12300
12301
12302
12303
12304
12305
12306
12307
12308
12309
12313
12314
12315
12316
12317
12318
12319
12320
12322
12323
12324
12325
12326
12327
12328
12329
12330
12332
12333
12334
12335
12336
12337
12338
12339
12340
12342
12343
12344
12345
12346
12347
12348
12349
12350
12352
12353
12354
12355
12356
12357
12358
12359
12360
12362
12363
12364
12365
12366
12367
12368
12369
12370
12372
12373
12374
12375
12376
12377
12378
12379
12380
12382
12383
12384
12385
12386
12387
12388
12389
12390
12392
12393
12394
12395
12396
12397
12398
12399
12400
12401
12402
12403
12404
12405
12406
12407
12408
12409
12413
12414
12415
12416
12417
12418
12419
12420
12422
12423
12424
12425
12426
